<?xml version="1.0" encoding="UTF-8" ?>
<testsuite tests="25" failures="0" name="se.nackademin.my.rest.test.MyFirstTestFall" time="3.313" errors="0" skipped="0">
  <properties>
[...]
</properties>
  <testcase classname="se.nackademin.my.rest.test.MyFirstTestFall" name="testGetAllAuthors" time="1.867"/>
  <testcase classname="se.nackademin.my.rest.test.MyFirstTestFall" name="testBookPost" time="0.055"/>
  <testcase classname="se.nackademin.my.rest.test.MyFirstTestFall" name="testGetBooksOfAuthorNegativ" time="0.105"/>
  <testcase classname="se.nackademin.my.rest.test.MyFirstTestFall" name="testGetAllBooks" time="0.148"/>
  <testcase classname="se.nackademin.my.rest.test.MyFirstTestFall" name="testBookPostNegativ1" time="0.101"/>
  <testcase classname="se.nackademin.my.rest.test.MyFirstTestFall" name="testBookPostNegativ2" time="0.023"/>
  <testcase classname="se.nackademin.my.rest.test.MyFirstTestFall" name="testBookPostNegativ3" time="0.022"/>
  <testcase classname="se.nackademin.my.rest.test.MyFirstTestFall" name="testDeleteAuthorByIdNegativ" time="0.095"/>
  <testcase classname="se.nackademin.my.rest.test.MyFirstTestFall" name="testGetBooksOfAuthor" time="0.08"/>
  <testcase classname="se.nackademin.my.rest.test.MyFirstTestFall" name="testPutAuthorNegativ" time="0"/>
  <testcase classname="se.nackademin.my.rest.test.MyFirstTestFall" name="testGetAuthorById" time="0.021"/>
  <testcase classname="se.nackademin.my.rest.test.MyFirstTestFall" name="testDeleteBookByNumber" time="0.038"/>
  <testcase classname="se.nackademin.my.rest.test.MyFirstTestFall" name="testDeleteAuthorById" time="0.065"/>
  <testcase classname="se.nackademin.my.rest.test.MyFirstTestFall" name="testGetBookByNumber" time="0.087"/>
  <testcase classname="se.nackademin.my.rest.test.MyFirstTestFall" name="testPostAuthor" time="0.032"/>
  <testcase classname="se.nackademin.my.rest.test.MyFirstTestFall" name="testGetBookByNumberNegativ" time="0.032"/>
  <testcase classname="se.nackademin.my.rest.test.MyFirstTestFall" name="testGetAuthersOfBook" time="0.022"/>
  <testcase classname="se.nackademin.my.rest.test.MyFirstTestFall" name="testGetAuthersOfBookNegativ" time="0.022"/>
  <testcase classname="se.nackademin.my.rest.test.MyFirstTestFall" name="testDeleteBookByNumberNegativ" time="0.086"/>
  <testcase classname="se.nackademin.my.rest.test.MyFirstTestFall" name="testPostAuthorNegativ" time="0.049"/>
  <testcase classname="se.nackademin.my.rest.test.MyFirstTestFall" name="testAddAutherToBookNegativ1" time="0.055"/>
  <testcase classname="se.nackademin.my.rest.test.MyFirstTestFall" name="testAddAutherToBookNegativ2" time="0.067"/>
  <testcase classname="se.nackademin.my.rest.test.MyFirstTestFall" name="testAddAutherToBookNegativ3" time="0.07"/>
  <testcase classname="se.nackademin.my.rest.test.MyFirstTestFall" name="testAddAutherToBook" time="0.053"/>
  <testcase classname="se.nackademin.my.rest.test.MyFirstTestFall" name="testGetAuthorByIdNegativ" time="0.02"/>
</testsuite>